{"C:\\Users\\Mauricio\\Documents\\APIs\\Semana_6\\202214_BaseProject\\src\\app.controller.ts": {"path":"C:\\Users\\Mauricio\\Documents\\APIs\\Semana_6\\202214_BaseProject\\src\\app.controller.ts","statementMap":{"0":{"start":{"line":1,"column":0},"end":{"line":1,"column":49}},"1":{"start":{"line":2,"column":0},"end":{"line":2,"column":43}},"2":{"start":{"line":5,"column":0},"end":{"line":12,"column":null}},"3":{"start":{"line":6,"column":31},"end":{"line":6,"column":43}},"4":{"start":{"line":10,"column":4},"end":{"line":10,"column":38}},"5":{"start":{"line":9,"column":2},"end":{"line":11,"column":null}},"6":{"start":{"line":5,"column":13},"end":{"line":12,"column":null}},"7":{"start":{"line":5,"column":13},"end":{"line":5,"column":26}}},"fnMap":{"0":{"name":"(anonymous_2)","decl":{"start":{"line":6,"column":2},"end":{"line":6,"column":31}},"loc":{"start":{"line":6,"column":53},"end":{"line":6,"column":57}}},"1":{"name":"(anonymous_3)","decl":{"start":{"line":9,"column":2},"end":{"line":9,"column":10}},"loc":{"start":{"line":9,"column":10},"end":{"line":11,"column":3}}}},"branchMap":{},"s":{"0":1,"1":1,"2":1,"3":1,"4":1,"5":1,"6":1,"7":1},"f":{"0":1,"1":1},"b":{}}
,"C:\\Users\\Mauricio\\Documents\\APIs\\Semana_6\\202214_BaseProject\\src\\app.module.ts": {"path":"C:\\Users\\Mauricio\\Documents\\APIs\\Semana_6\\202214_BaseProject\\src\\app.module.ts","statementMap":{"0":{"start":{"line":2,"column":0},"end":{"line":2,"column":40}},"1":{"start":{"line":3,"column":0},"end":{"line":3,"column":48}},"2":{"start":{"line":4,"column":0},"end":{"line":4,"column":49}},"3":{"start":{"line":5,"column":0},"end":{"line":5,"column":43}},"4":{"start":{"line":6,"column":0},"end":{"line":6,"column":63}},"5":{"start":{"line":7,"column":0},"end":{"line":7,"column":63}},"6":{"start":{"line":8,"column":0},"end":{"line":8,"column":66}},"7":{"start":{"line":9,"column":0},"end":{"line":9,"column":66}},"8":{"start":{"line":10,"column":0},"end":{"line":10,"column":95}},"9":{"start":{"line":37,"column":0},"end":{"line":37,"column":null}},"10":{"start":{"line":37,"column":13},"end":{"line":37,"column":null}},"11":{"start":{"line":37,"column":13},"end":{"line":37,"column":22}}},"fnMap":{},"branchMap":{},"s":{"0":0,"1":0,"2":0,"3":0,"4":0,"5":0,"6":0,"7":0,"8":0,"9":0,"10":0,"11":0},"f":{},"b":{}}
,"C:\\Users\\Mauricio\\Documents\\APIs\\Semana_6\\202214_BaseProject\\src\\app.service.ts": {"path":"C:\\Users\\Mauricio\\Documents\\APIs\\Semana_6\\202214_BaseProject\\src\\app.service.ts","statementMap":{"0":{"start":{"line":1,"column":0},"end":{"line":1,"column":44}},"1":{"start":{"line":4,"column":0},"end":{"line":8,"column":null}},"2":{"start":{"line":6,"column":4},"end":{"line":6,"column":26}},"3":{"start":{"line":4,"column":13},"end":{"line":8,"column":null}},"4":{"start":{"line":4,"column":13},"end":{"line":4,"column":23}}},"fnMap":{"0":{"name":"(anonymous_1)","decl":{"start":{"line":5,"column":2},"end":{"line":5,"column":10}},"loc":{"start":{"line":5,"column":10},"end":{"line":7,"column":3}}}},"branchMap":{},"s":{"0":1,"1":1,"2":1,"3":1,"4":1},"f":{"0":1},"b":{}}
,"C:\\Users\\Mauricio\\Documents\\APIs\\Semana_6\\202214_BaseProject\\src\\main.ts": {"path":"C:\\Users\\Mauricio\\Documents\\APIs\\Semana_6\\202214_BaseProject\\src\\main.ts","statementMap":{"0":{"start":{"line":1,"column":0},"end":{"line":1,"column":64}},"1":{"start":{"line":2,"column":0},"end":{"line":2,"column":43}},"2":{"start":{"line":3,"column":0},"end":{"line":3,"column":41}},"3":{"start":{"line":6,"column":14},"end":{"line":6,"column":49}},"4":{"start":{"line":7,"column":2},"end":{"line":11,"column":5}},"5":{"start":{"line":13,"column":2},"end":{"line":13,"column":43}},"6":{"start":{"line":15,"column":2},"end":{"line":15,"column":25}},"7":{"start":{"line":17,"column":0},"end":{"line":17,"column":12}}},"fnMap":{"0":{"name":"bootstrap","decl":{"start":{"line":5,"column":15},"end":{"line":5,"column":24}},"loc":{"start":{"line":5,"column":24},"end":{"line":16,"column":1}}}},"branchMap":{},"s":{"0":0,"1":0,"2":0,"3":0,"4":0,"5":0,"6":0,"7":0},"f":{"0":0},"b":{}}
,"C:\\Users\\Mauricio\\Documents\\APIs\\Semana_6\\202214_BaseProject\\src\\aerolinea\\aerolinea.controller.ts": {"path":"C:\\Users\\Mauricio\\Documents\\APIs\\Semana_6\\202214_BaseProject\\src\\aerolinea\\aerolinea.controller.ts","statementMap":{"0":{"start":{"line":2,"column":0},"end":{"line":2,"column":108}},"1":{"start":{"line":3,"column":0},"end":{"line":3,"column":52}},"2":{"start":{"line":4,"column":0},"end":{"line":4,"column":96}},"3":{"start":{"line":5,"column":0},"end":{"line":5,"column":47}},"4":{"start":{"line":6,"column":0},"end":{"line":6,"column":53}},"5":{"start":{"line":7,"column":0},"end":{"line":7,"column":55}},"6":{"start":{"line":11,"column":0},"end":{"line":42,"column":null}},"7":{"start":{"line":12,"column":33},"end":{"line":12,"column":51}},"8":{"start":{"line":16,"column":8},"end":{"line":16,"column":53}},"9":{"start":{"line":21,"column":8},"end":{"line":21,"column":64}},"10":{"start":{"line":26,"column":44},"end":{"line":26,"column":90}},"11":{"start":{"line":27,"column":8},"end":{"line":27,"column":61}},"12":{"start":{"line":32,"column":43},"end":{"line":32,"column":89}},"13":{"start":{"line":33,"column":8},"end":{"line":33,"column":74}},"14":{"start":{"line":39,"column":8},"end":{"line":39,"column":63}},"15":{"start":{"line":15,"column":4},"end":{"line":17,"column":null}},"16":{"start":{"line":20,"column":4},"end":{"line":22,"column":null}},"17":{"start":{"line":25,"column":4},"end":{"line":28,"column":null}},"18":{"start":{"line":31,"column":4},"end":{"line":34,"column":null}},"19":{"start":{"line":38,"column":4},"end":{"line":40,"column":null}},"20":{"start":{"line":11,"column":13},"end":{"line":42,"column":null}},"21":{"start":{"line":11,"column":13},"end":{"line":11,"column":32}}},"fnMap":{"0":{"name":"(anonymous_4)","decl":{"start":{"line":12,"column":4},"end":{"line":12,"column":33}},"loc":{"start":{"line":12,"column":67},"end":{"line":12,"column":72}}},"1":{"name":"(anonymous_5)","decl":{"start":{"line":15,"column":4},"end":{"line":15,"column":9}},"loc":{"start":{"line":15,"column":17},"end":{"line":17,"column":5}}},"2":{"name":"(anonymous_6)","decl":{"start":{"line":20,"column":4},"end":{"line":20,"column":9}},"loc":{"start":{"line":20,"column":59},"end":{"line":22,"column":5}}},"3":{"name":"(anonymous_7)","decl":{"start":{"line":25,"column":4},"end":{"line":25,"column":9}},"loc":{"start":{"line":25,"column":51},"end":{"line":28,"column":5}}},"4":{"name":"(anonymous_8)","decl":{"start":{"line":31,"column":4},"end":{"line":31,"column":9}},"loc":{"start":{"line":31,"column":94},"end":{"line":34,"column":5}}},"5":{"name":"(anonymous_9)","decl":{"start":{"line":38,"column":4},"end":{"line":38,"column":9}},"loc":{"start":{"line":38,"column":49},"end":{"line":40,"column":5}}}},"branchMap":{},"s":{"0":0,"1":0,"2":0,"3":0,"4":0,"5":0,"6":0,"7":0,"8":0,"9":0,"10":0,"11":0,"12":0,"13":0,"14":0,"15":0,"16":0,"17":0,"18":0,"19":0,"20":0,"21":0},"f":{"0":0,"1":0,"2":0,"3":0,"4":0,"5":0},"b":{}}
,"C:\\Users\\Mauricio\\Documents\\APIs\\Semana_6\\202214_BaseProject\\src\\aerolinea\\aerolinea.dto.ts": {"path":"C:\\Users\\Mauricio\\Documents\\APIs\\Semana_6\\202214_BaseProject\\src\\aerolinea\\aerolinea.dto.ts","statementMap":{"0":{"start":{"line":2,"column":0},"end":{"line":2,"column":62}},"1":{"start":{"line":9,"column":4},"end":{"line":9,"column":null}},"2":{"start":{"line":13,"column":4},"end":{"line":13,"column":null}},"3":{"start":{"line":17,"column":4},"end":{"line":17,"column":null}},"4":{"start":{"line":21,"column":4},"end":{"line":21,"column":null}},"5":{"start":{"line":5,"column":0},"end":{"line":5,"column":13}}},"fnMap":{},"branchMap":{},"s":{"0":0,"1":0,"2":0,"3":0,"4":0,"5":0},"f":{},"b":{}}
,"C:\\Users\\Mauricio\\Documents\\APIs\\Semana_6\\202214_BaseProject\\src\\aerolinea\\aerolinea.entity.ts": {"path":"C:\\Users\\Mauricio\\Documents\\APIs\\Semana_6\\202214_BaseProject\\src\\aerolinea\\aerolinea.entity.ts","statementMap":{"0":{"start":{"line":2,"column":0},"end":{"line":2,"column":88}},"1":{"start":{"line":3,"column":0},"end":{"line":3,"column":67}},"2":{"start":{"line":6,"column":0},"end":{"line":26,"column":null}},"3":{"start":{"line":8,"column":1},"end":{"line":8,"column":null}},"4":{"start":{"line":11,"column":1},"end":{"line":11,"column":null}},"5":{"start":{"line":14,"column":1},"end":{"line":14,"column":null}},"6":{"start":{"line":17,"column":1},"end":{"line":17,"column":null}},"7":{"start":{"line":20,"column":1},"end":{"line":20,"column":null}},"8":{"start":{"line":24,"column":1},"end":{"line":24,"column":null}},"9":{"start":{"line":22,"column":19},"end":{"line":22,"column":35}},"10":{"start":{"line":22,"column":51},"end":{"line":22,"column":72}},"11":{"start":{"line":6,"column":13},"end":{"line":26,"column":null}},"12":{"start":{"line":6,"column":13},"end":{"line":6,"column":28}}},"fnMap":{"0":{"name":"(anonymous_2)","decl":{"start":{"line":22,"column":13},"end":{"line":22,"column":16}},"loc":{"start":{"line":22,"column":19},"end":{"line":22,"column":35}}},"1":{"name":"(anonymous_3)","decl":{"start":{"line":22,"column":37},"end":{"line":22,"column":47}},"loc":{"start":{"line":22,"column":51},"end":{"line":22,"column":72}}}},"branchMap":{},"s":{"0":3,"1":3,"2":3,"3":3,"4":3,"5":3,"6":3,"7":3,"8":3,"9":34,"10":34,"11":3,"12":3},"f":{"0":34,"1":34},"b":{}}
,"C:\\Users\\Mauricio\\Documents\\APIs\\Semana_6\\202214_BaseProject\\src\\aerolinea\\aerolinea.module.ts": {"path":"C:\\Users\\Mauricio\\Documents\\APIs\\Semana_6\\202214_BaseProject\\src\\aerolinea\\aerolinea.module.ts","statementMap":{"0":{"start":{"line":2,"column":0},"end":{"line":2,"column":40}},"1":{"start":{"line":3,"column":0},"end":{"line":3,"column":48}},"2":{"start":{"line":4,"column":0},"end":{"line":4,"column":53}},"3":{"start":{"line":5,"column":0},"end":{"line":5,"column":55}},"4":{"start":{"line":6,"column":0},"end":{"line":6,"column":61}},"5":{"start":{"line":14,"column":0},"end":{"line":14,"column":null}},"6":{"start":{"line":14,"column":13},"end":{"line":14,"column":null}},"7":{"start":{"line":14,"column":13},"end":{"line":14,"column":28}}},"fnMap":{},"branchMap":{},"s":{"0":0,"1":0,"2":0,"3":0,"4":0,"5":0,"6":0,"7":0},"f":{},"b":{}}
,"C:\\Users\\Mauricio\\Documents\\APIs\\Semana_6\\202214_BaseProject\\src\\aerolinea\\aerolinea.service.ts": {"path":"C:\\Users\\Mauricio\\Documents\\APIs\\Semana_6\\202214_BaseProject\\src\\aerolinea\\aerolinea.service.ts","statementMap":{"0":{"start":{"line":2,"column":0},"end":{"line":2,"column":44}},"1":{"start":{"line":3,"column":0},"end":{"line":3,"column":51}},"2":{"start":{"line":4,"column":0},"end":{"line":4,"column":89}},"3":{"start":{"line":5,"column":0},"end":{"line":5,"column":37}},"4":{"start":{"line":6,"column":0},"end":{"line":6,"column":53}},"5":{"start":{"line":9,"column":0},"end":{"line":59,"column":null}},"6":{"start":{"line":12,"column":21},"end":{"line":12,"column":42}},"7":{"start":{"line":16,"column":4},"end":{"line":16,"column":35}},"8":{"start":{"line":17,"column":4},"end":{"line":17,"column":79}},"9":{"start":{"line":21,"column":39},"end":{"line":21,"column":124}},"10":{"start":{"line":22,"column":4},"end":{"line":23,"column":113}},"11":{"start":{"line":23,"column":6},"end":{"line":23,"column":113}},"12":{"start":{"line":25,"column":4},"end":{"line":25,"column":21}},"13":{"start":{"line":29,"column":17},"end":{"line":29,"column":51}},"14":{"start":{"line":31,"column":4},"end":{"line":32,"column":111}},"15":{"start":{"line":32,"column":6},"end":{"line":32,"column":111}},"16":{"start":{"line":33,"column":4},"end":{"line":33,"column":58}},"17":{"start":{"line":37,"column":48},"end":{"line":37,"column":105}},"18":{"start":{"line":39,"column":17},"end":{"line":39,"column":51}},"19":{"start":{"line":40,"column":4},"end":{"line":41,"column":113}},"20":{"start":{"line":41,"column":6},"end":{"line":41,"column":113}},"21":{"start":{"line":43,"column":4},"end":{"line":44,"column":111}},"22":{"start":{"line":44,"column":6},"end":{"line":44,"column":111}},"23":{"start":{"line":46,"column":4},"end":{"line":49,"column":7}},"24":{"start":{"line":53,"column":39},"end":{"line":53,"column":96}},"25":{"start":{"line":54,"column":4},"end":{"line":55,"column":113}},"26":{"start":{"line":55,"column":6},"end":{"line":55,"column":113}},"27":{"start":{"line":57,"column":4},"end":{"line":57,"column":53}},"28":{"start":{"line":9,"column":13},"end":{"line":59,"column":null}},"29":{"start":{"line":9,"column":13},"end":{"line":9,"column":29}}},"fnMap":{"0":{"name":"(anonymous_4)","decl":{"start":{"line":10,"column":2},"end":{"line":10,"column":null}},"loc":{"start":{"line":12,"column":69},"end":{"line":13,"column":7}}},"1":{"name":"(anonymous_5)","decl":{"start":{"line":15,"column":2},"end":{"line":15,"column":7}},"loc":{"start":{"line":15,"column":15},"end":{"line":18,"column":3}}},"2":{"name":"(anonymous_6)","decl":{"start":{"line":20,"column":2},"end":{"line":20,"column":7}},"loc":{"start":{"line":20,"column":26},"end":{"line":26,"column":3}}},"3":{"name":"(anonymous_7)","decl":{"start":{"line":28,"column":2},"end":{"line":28,"column":7}},"loc":{"start":{"line":28,"column":41},"end":{"line":34,"column":3}}},"4":{"name":"(anonymous_8)","decl":{"start":{"line":36,"column":2},"end":{"line":36,"column":7}},"loc":{"start":{"line":36,"column":53},"end":{"line":50,"column":3}}},"5":{"name":"(anonymous_9)","decl":{"start":{"line":52,"column":2},"end":{"line":52,"column":7}},"loc":{"start":{"line":52,"column":25},"end":{"line":58,"column":3}}}},"branchMap":{"0":{"loc":{"start":{"line":22,"column":4},"end":{"line":23,"column":113}},"type":"if","locations":[{"start":{"line":22,"column":4},"end":{"line":23,"column":113}}]},"1":{"loc":{"start":{"line":31,"column":4},"end":{"line":32,"column":111}},"type":"if","locations":[{"start":{"line":31,"column":4},"end":{"line":32,"column":111}}]},"2":{"loc":{"start":{"line":40,"column":4},"end":{"line":41,"column":113}},"type":"if","locations":[{"start":{"line":40,"column":4},"end":{"line":41,"column":113}}]},"3":{"loc":{"start":{"line":43,"column":4},"end":{"line":44,"column":111}},"type":"if","locations":[{"start":{"line":43,"column":4},"end":{"line":44,"column":111}}]},"4":{"loc":{"start":{"line":54,"column":4},"end":{"line":55,"column":113}},"type":"if","locations":[{"start":{"line":54,"column":4},"end":{"line":55,"column":113}}]}},"s":{"0":1,"1":1,"2":1,"3":1,"4":1,"5":1,"6":9,"7":1,"8":1,"9":2,"10":2,"11":1,"12":1,"13":1,"14":1,"15":0,"16":1,"17":2,"18":2,"19":2,"20":1,"21":1,"22":0,"23":1,"24":3,"25":3,"26":1,"27":2,"28":1,"29":1},"f":{"0":9,"1":1,"2":2,"3":1,"4":2,"5":3},"b":{"0":[1],"1":[0],"2":[1],"3":[0],"4":[1]}}
,"C:\\Users\\Mauricio\\Documents\\APIs\\Semana_6\\202214_BaseProject\\src\\aerolinea-aeropuerto\\aerolinea-aeropuerto.controller.ts": {"path":"C:\\Users\\Mauricio\\Documents\\APIs\\Semana_6\\202214_BaseProject\\src\\aerolinea-aeropuerto\\aerolinea-aeropuerto.controller.ts","statementMap":{"0":{"start":{"line":2,"column":0},"end":{"line":2,"column":108}},"1":{"start":{"line":3,"column":0},"end":{"line":3,"column":52}},"2":{"start":{"line":4,"column":0},"end":{"line":4,"column":68}},"3":{"start":{"line":6,"column":0},"end":{"line":6,"column":95}},"4":{"start":{"line":7,"column":0},"end":{"line":7,"column":76}},"5":{"start":{"line":11,"column":0},"end":{"line":40,"column":null}},"6":{"start":{"line":12,"column":33},"end":{"line":12,"column":61}},"7":{"start":{"line":16,"column":8},"end":{"line":16,"column":103}},"8":{"start":{"line":21,"column":8},"end":{"line":21,"column":120}},"9":{"start":{"line":26,"column":8},"end":{"line":26,"column":95}},"10":{"start":{"line":31,"column":28},"end":{"line":31,"column":77}},"11":{"start":{"line":32,"column":8},"end":{"line":32,"column":109}},"12":{"start":{"line":38,"column":8},"end":{"line":38,"column":106}},"13":{"start":{"line":15,"column":4},"end":{"line":17,"column":null}},"14":{"start":{"line":20,"column":4},"end":{"line":22,"column":null}},"15":{"start":{"line":25,"column":4},"end":{"line":27,"column":null}},"16":{"start":{"line":30,"column":4},"end":{"line":33,"column":null}},"17":{"start":{"line":37,"column":4},"end":{"line":39,"column":null}},"18":{"start":{"line":11,"column":13},"end":{"line":40,"column":null}},"19":{"start":{"line":11,"column":13},"end":{"line":11,"column":42}}},"fnMap":{"0":{"name":"(anonymous_4)","decl":{"start":{"line":12,"column":4},"end":{"line":12,"column":33}},"loc":{"start":{"line":12,"column":87},"end":{"line":12,"column":90}}},"1":{"name":"(anonymous_5)","decl":{"start":{"line":15,"column":4},"end":{"line":15,"column":9}},"loc":{"start":{"line":15,"column":119},"end":{"line":17,"column":5}}},"2":{"name":"(anonymous_6)","decl":{"start":{"line":20,"column":4},"end":{"line":20,"column":9}},"loc":{"start":{"line":20,"column":136},"end":{"line":22,"column":5}}},"3":{"name":"(anonymous_7)","decl":{"start":{"line":25,"column":4},"end":{"line":25,"column":9}},"loc":{"start":{"line":25,"column":80},"end":{"line":27,"column":5}}},"4":{"name":"(anonymous_8)","decl":{"start":{"line":30,"column":4},"end":{"line":30,"column":9}},"loc":{"start":{"line":30,"column":122},"end":{"line":33,"column":5}}},"5":{"name":"(anonymous_9)","decl":{"start":{"line":37,"column":4},"end":{"line":37,"column":9}},"loc":{"start":{"line":37,"column":122},"end":{"line":39,"column":5}}}},"branchMap":{},"s":{"0":0,"1":0,"2":0,"3":0,"4":0,"5":0,"6":0,"7":0,"8":0,"9":0,"10":0,"11":0,"12":0,"13":0,"14":0,"15":0,"16":0,"17":0,"18":0,"19":0},"f":{"0":0,"1":0,"2":0,"3":0,"4":0,"5":0},"b":{}}
,"C:\\Users\\Mauricio\\Documents\\APIs\\Semana_6\\202214_BaseProject\\src\\aerolinea-aeropuerto\\aerolinea-aeropuerto.module.ts": {"path":"C:\\Users\\Mauricio\\Documents\\APIs\\Semana_6\\202214_BaseProject\\src\\aerolinea-aeropuerto\\aerolinea-aeropuerto.module.ts","statementMap":{"0":{"start":{"line":2,"column":0},"end":{"line":2,"column":40}},"1":{"start":{"line":3,"column":0},"end":{"line":3,"column":48}},"2":{"start":{"line":4,"column":0},"end":{"line":4,"column":67}},"3":{"start":{"line":5,"column":0},"end":{"line":5,"column":64}},"4":{"start":{"line":6,"column":0},"end":{"line":6,"column":76}},"5":{"start":{"line":7,"column":0},"end":{"line":7,"column":82}},"6":{"start":{"line":15,"column":0},"end":{"line":15,"column":null}},"7":{"start":{"line":15,"column":13},"end":{"line":15,"column":null}},"8":{"start":{"line":15,"column":13},"end":{"line":15,"column":38}}},"fnMap":{},"branchMap":{},"s":{"0":0,"1":0,"2":0,"3":0,"4":0,"5":0,"6":0,"7":0,"8":0},"f":{},"b":{}}
,"C:\\Users\\Mauricio\\Documents\\APIs\\Semana_6\\202214_BaseProject\\src\\aerolinea-aeropuerto\\aerolinea-aeropuerto.service.ts": {"path":"C:\\Users\\Mauricio\\Documents\\APIs\\Semana_6\\202214_BaseProject\\src\\aerolinea-aeropuerto\\aerolinea-aeropuerto.service.ts","statementMap":{"0":{"start":{"line":2,"column":0},"end":{"line":2,"column":44}},"1":{"start":{"line":3,"column":0},"end":{"line":3,"column":51}},"2":{"start":{"line":4,"column":0},"end":{"line":4,"column":67}},"3":{"start":{"line":5,"column":0},"end":{"line":5,"column":64}},"4":{"start":{"line":6,"column":0},"end":{"line":6,"column":37}},"5":{"start":{"line":7,"column":0},"end":{"line":7,"column":89}},"6":{"start":{"line":10,"column":0},"end":{"line":90,"column":null}},"7":{"start":{"line":13,"column":25},"end":{"line":13,"column":46}},"8":{"start":{"line":16,"column":25},"end":{"line":16,"column":47}},"9":{"start":{"line":20,"column":45},"end":{"line":20,"column":113}},"10":{"start":{"line":21,"column":8},"end":{"line":22,"column":118}},"11":{"start":{"line":22,"column":10},"end":{"line":22,"column":118}},"12":{"start":{"line":24,"column":43},"end":{"line":24,"column":137}},"13":{"start":{"line":25,"column":8},"end":{"line":26,"column":117}},"14":{"start":{"line":26,"column":10},"end":{"line":26,"column":117}},"15":{"start":{"line":28,"column":8},"end":{"line":28,"column":71}},"16":{"start":{"line":29,"column":8},"end":{"line":29,"column":62}},"17":{"start":{"line":33,"column":45},"end":{"line":33,"column":113}},"18":{"start":{"line":34,"column":8},"end":{"line":35,"column":null}},"19":{"start":{"line":35,"column":10},"end":{"line":35,"column":null}},"20":{"start":{"line":37,"column":43},"end":{"line":37,"column":137}},"21":{"start":{"line":38,"column":8},"end":{"line":39,"column":null}},"22":{"start":{"line":39,"column":10},"end":{"line":39,"column":null}},"23":{"start":{"line":41,"column":54},"end":{"line":41,"column":109}},"24":{"start":{"line":41,"column":86},"end":{"line":41,"column":108}},"25":{"start":{"line":43,"column":8},"end":{"line":44,"column":null}},"26":{"start":{"line":44,"column":10},"end":{"line":44,"column":null}},"27":{"start":{"line":46,"column":8},"end":{"line":46,"column":35}},"28":{"start":{"line":50,"column":43},"end":{"line":50,"column":137}},"29":{"start":{"line":51,"column":8},"end":{"line":52,"column":null}},"30":{"start":{"line":52,"column":10},"end":{"line":52,"column":null}},"31":{"start":{"line":54,"column":8},"end":{"line":54,"column":37}},"32":{"start":{"line":58,"column":43},"end":{"line":58,"column":137}},"33":{"start":{"line":60,"column":8},"end":{"line":61,"column":null}},"34":{"start":{"line":61,"column":10},"end":{"line":61,"column":null}},"35":{"start":{"line":63,"column":8},"end":{"line":67,"column":null}},"36":{"start":{"line":63,"column":21},"end":{"line":63,"column":22}},"37":{"start":{"line":64,"column":47},"end":{"line":64,"column":120}},"38":{"start":{"line":65,"column":10},"end":{"line":66,"column":null}},"39":{"start":{"line":66,"column":12},"end":{"line":66,"column":null}},"40":{"start":{"line":69,"column":8},"end":{"line":69,"column":44}},"41":{"start":{"line":70,"column":8},"end":{"line":70,"column":62}},"42":{"start":{"line":74,"column":45},"end":{"line":74,"column":113}},"43":{"start":{"line":75,"column":8},"end":{"line":76,"column":null}},"44":{"start":{"line":76,"column":10},"end":{"line":76,"column":null}},"45":{"start":{"line":78,"column":43},"end":{"line":78,"column":137}},"46":{"start":{"line":79,"column":8},"end":{"line":80,"column":null}},"47":{"start":{"line":80,"column":10},"end":{"line":80,"column":null}},"48":{"start":{"line":82,"column":54},"end":{"line":82,"column":109}},"49":{"start":{"line":82,"column":86},"end":{"line":82,"column":108}},"50":{"start":{"line":84,"column":8},"end":{"line":85,"column":null}},"51":{"start":{"line":85,"column":12},"end":{"line":85,"column":null}},"52":{"start":{"line":87,"column":8},"end":{"line":87,"column":89}},"53":{"start":{"line":87,"column":66},"end":{"line":87,"column":87}},"54":{"start":{"line":88,"column":8},"end":{"line":88,"column":55}},"55":{"start":{"line":10,"column":13},"end":{"line":90,"column":null}},"56":{"start":{"line":10,"column":13},"end":{"line":10,"column":39}}},"fnMap":{"0":{"name":"(anonymous_4)","decl":{"start":{"line":11,"column":4},"end":{"line":11,"column":null}},"loc":{"start":{"line":16,"column":75},"end":{"line":17,"column":8}}},"1":{"name":"(anonymous_5)","decl":{"start":{"line":19,"column":4},"end":{"line":19,"column":9}},"loc":{"start":{"line":19,"column":74},"end":{"line":30,"column":7}}},"2":{"name":"(anonymous_6)","decl":{"start":{"line":32,"column":4},"end":{"line":32,"column":9}},"loc":{"start":{"line":32,"column":91},"end":{"line":47,"column":5}}},"3":{"name":"(anonymous_7)","decl":{"start":{"line":41,"column":81},"end":{"line":41,"column":82}},"loc":{"start":{"line":41,"column":86},"end":{"line":41,"column":108}}},"4":{"name":"(anonymous_8)","decl":{"start":{"line":49,"column":4},"end":{"line":49,"column":9}},"loc":{"start":{"line":49,"column":58},"end":{"line":55,"column":5}}},"5":{"name":"(anonymous_9)","decl":{"start":{"line":57,"column":4},"end":{"line":57,"column":9}},"loc":{"start":{"line":57,"column":92},"end":{"line":71,"column":7}}},"6":{"name":"(anonymous_10)","decl":{"start":{"line":73,"column":4},"end":{"line":73,"column":9}},"loc":{"start":{"line":73,"column":77},"end":{"line":89,"column":5}}},"7":{"name":"(anonymous_11)","decl":{"start":{"line":82,"column":81},"end":{"line":82,"column":82}},"loc":{"start":{"line":82,"column":86},"end":{"line":82,"column":108}}},"8":{"name":"(anonymous_12)","decl":{"start":{"line":87,"column":61},"end":{"line":87,"column":62}},"loc":{"start":{"line":87,"column":66},"end":{"line":87,"column":87}}}},"branchMap":{"0":{"loc":{"start":{"line":21,"column":8},"end":{"line":22,"column":118}},"type":"if","locations":[{"start":{"line":21,"column":8},"end":{"line":22,"column":118}}]},"1":{"loc":{"start":{"line":25,"column":8},"end":{"line":26,"column":117}},"type":"if","locations":[{"start":{"line":25,"column":8},"end":{"line":26,"column":117}}]},"2":{"loc":{"start":{"line":34,"column":8},"end":{"line":35,"column":null}},"type":"if","locations":[{"start":{"line":34,"column":8},"end":{"line":35,"column":null}}]},"3":{"loc":{"start":{"line":38,"column":8},"end":{"line":39,"column":null}},"type":"if","locations":[{"start":{"line":38,"column":8},"end":{"line":39,"column":null}}]},"4":{"loc":{"start":{"line":43,"column":8},"end":{"line":44,"column":null}},"type":"if","locations":[{"start":{"line":43,"column":8},"end":{"line":44,"column":null}}]},"5":{"loc":{"start":{"line":51,"column":8},"end":{"line":52,"column":null}},"type":"if","locations":[{"start":{"line":51,"column":8},"end":{"line":52,"column":null}}]},"6":{"loc":{"start":{"line":60,"column":8},"end":{"line":61,"column":null}},"type":"if","locations":[{"start":{"line":60,"column":8},"end":{"line":61,"column":null}}]},"7":{"loc":{"start":{"line":65,"column":10},"end":{"line":66,"column":null}},"type":"if","locations":[{"start":{"line":65,"column":10},"end":{"line":66,"column":null}}]},"8":{"loc":{"start":{"line":75,"column":8},"end":{"line":76,"column":null}},"type":"if","locations":[{"start":{"line":75,"column":8},"end":{"line":76,"column":null}}]},"9":{"loc":{"start":{"line":79,"column":8},"end":{"line":80,"column":null}},"type":"if","locations":[{"start":{"line":79,"column":8},"end":{"line":80,"column":null}}]},"10":{"loc":{"start":{"line":84,"column":8},"end":{"line":85,"column":null}},"type":"if","locations":[{"start":{"line":84,"column":8},"end":{"line":85,"column":null}}]}},"s":{"0":1,"1":1,"2":1,"3":1,"4":1,"5":1,"6":1,"7":17,"8":17,"9":3,"10":3,"11":1,"12":2,"13":2,"14":1,"15":1,"16":1,"17":4,"18":4,"19":1,"20":3,"21":3,"22":1,"23":2,"24":9,"25":2,"26":1,"27":1,"28":2,"29":2,"30":1,"31":1,"32":3,"33":3,"34":1,"35":2,"36":2,"37":2,"38":2,"39":1,"40":1,"41":1,"42":4,"43":4,"44":1,"45":3,"46":3,"47":1,"48":2,"49":7,"50":2,"51":1,"52":1,"53":5,"54":1,"55":1,"56":1},"f":{"0":17,"1":3,"2":4,"3":9,"4":2,"5":3,"6":4,"7":7,"8":5},"b":{"0":[1],"1":[1],"2":[1],"3":[1],"4":[1],"5":[1],"6":[1],"7":[1],"8":[1],"9":[1],"10":[1]}}
,"C:\\Users\\Mauricio\\Documents\\APIs\\Semana_6\\202214_BaseProject\\src\\aeropuerto\\aeropuerto.controller.ts": {"path":"C:\\Users\\Mauricio\\Documents\\APIs\\Semana_6\\202214_BaseProject\\src\\aeropuerto\\aeropuerto.controller.ts","statementMap":{"0":{"start":{"line":2,"column":0},"end":{"line":2,"column":108}},"1":{"start":{"line":3,"column":0},"end":{"line":3,"column":66}},"2":{"start":{"line":4,"column":0},"end":{"line":4,"column":95}},"3":{"start":{"line":5,"column":0},"end":{"line":5,"column":49}},"4":{"start":{"line":6,"column":0},"end":{"line":6,"column":55}},"5":{"start":{"line":7,"column":0},"end":{"line":7,"column":57}},"6":{"start":{"line":11,"column":0},"end":{"line":42,"column":null}},"7":{"start":{"line":12,"column":33},"end":{"line":12,"column":52}},"8":{"start":{"line":16,"column":4},"end":{"line":16,"column":50}},"9":{"start":{"line":21,"column":4},"end":{"line":21,"column":62}},"10":{"start":{"line":26,"column":23},"end":{"line":26,"column":71}},"11":{"start":{"line":27,"column":4},"end":{"line":27,"column":59}},"12":{"start":{"line":32,"column":23},"end":{"line":32,"column":71}},"13":{"start":{"line":33,"column":4},"end":{"line":33,"column":73}},"14":{"start":{"line":39,"column":4},"end":{"line":39,"column":61}},"15":{"start":{"line":15,"column":2},"end":{"line":17,"column":null}},"16":{"start":{"line":20,"column":2},"end":{"line":22,"column":null}},"17":{"start":{"line":25,"column":2},"end":{"line":28,"column":null}},"18":{"start":{"line":31,"column":2},"end":{"line":34,"column":null}},"19":{"start":{"line":38,"column":2},"end":{"line":40,"column":null}},"20":{"start":{"line":11,"column":13},"end":{"line":42,"column":null}},"21":{"start":{"line":11,"column":13},"end":{"line":11,"column":33}}},"fnMap":{"0":{"name":"(anonymous_4)","decl":{"start":{"line":12,"column":4},"end":{"line":12,"column":33}},"loc":{"start":{"line":12,"column":69},"end":{"line":12,"column":73}}},"1":{"name":"(anonymous_5)","decl":{"start":{"line":15,"column":2},"end":{"line":15,"column":7}},"loc":{"start":{"line":15,"column":15},"end":{"line":17,"column":3}}},"2":{"name":"(anonymous_6)","decl":{"start":{"line":20,"column":2},"end":{"line":20,"column":7}},"loc":{"start":{"line":20,"column":59},"end":{"line":22,"column":3}}},"3":{"name":"(anonymous_7)","decl":{"start":{"line":25,"column":2},"end":{"line":25,"column":7}},"loc":{"start":{"line":25,"column":51},"end":{"line":28,"column":3}}},"4":{"name":"(anonymous_8)","decl":{"start":{"line":31,"column":2},"end":{"line":31,"column":7}},"loc":{"start":{"line":31,"column":96},"end":{"line":34,"column":3}}},"5":{"name":"(anonymous_9)","decl":{"start":{"line":38,"column":2},"end":{"line":38,"column":7}},"loc":{"start":{"line":38,"column":58},"end":{"line":40,"column":3}}}},"branchMap":{},"s":{"0":0,"1":0,"2":0,"3":0,"4":0,"5":0,"6":0,"7":0,"8":0,"9":0,"10":0,"11":0,"12":0,"13":0,"14":0,"15":0,"16":0,"17":0,"18":0,"19":0,"20":0,"21":0},"f":{"0":0,"1":0,"2":0,"3":0,"4":0,"5":0},"b":{}}
,"C:\\Users\\Mauricio\\Documents\\APIs\\Semana_6\\202214_BaseProject\\src\\aeropuerto\\aeropuerto.dto.ts": {"path":"C:\\Users\\Mauricio\\Documents\\APIs\\Semana_6\\202214_BaseProject\\src\\aeropuerto\\aeropuerto.dto.ts","statementMap":{"0":{"start":{"line":2,"column":0},"end":{"line":2,"column":55}},"1":{"start":{"line":8,"column":4},"end":{"line":8,"column":null}},"2":{"start":{"line":12,"column":4},"end":{"line":12,"column":null}},"3":{"start":{"line":16,"column":4},"end":{"line":16,"column":null}},"4":{"start":{"line":20,"column":4},"end":{"line":20,"column":null}},"5":{"start":{"line":4,"column":0},"end":{"line":4,"column":13}}},"fnMap":{},"branchMap":{},"s":{"0":0,"1":0,"2":0,"3":0,"4":0,"5":0},"f":{},"b":{}}
,"C:\\Users\\Mauricio\\Documents\\APIs\\Semana_6\\202214_BaseProject\\src\\aeropuerto\\aeropuerto.entity.ts": {"path":"C:\\Users\\Mauricio\\Documents\\APIs\\Semana_6\\202214_BaseProject\\src\\aeropuerto\\aeropuerto.entity.ts","statementMap":{"0":{"start":{"line":2,"column":0},"end":{"line":2,"column":77}},"1":{"start":{"line":3,"column":0},"end":{"line":3,"column":64}},"2":{"start":{"line":6,"column":0},"end":{"line":25,"column":null}},"3":{"start":{"line":8,"column":2},"end":{"line":8,"column":null}},"4":{"start":{"line":11,"column":2},"end":{"line":11,"column":null}},"5":{"start":{"line":14,"column":2},"end":{"line":14,"column":null}},"6":{"start":{"line":17,"column":2},"end":{"line":17,"column":null}},"7":{"start":{"line":20,"column":2},"end":{"line":20,"column":null}},"8":{"start":{"line":23,"column":2},"end":{"line":23,"column":null}},"9":{"start":{"line":22,"column":20},"end":{"line":22,"column":35}},"10":{"start":{"line":22,"column":50},"end":{"line":22,"column":71}},"11":{"start":{"line":6,"column":13},"end":{"line":25,"column":null}},"12":{"start":{"line":6,"column":13},"end":{"line":6,"column":29}}},"fnMap":{"0":{"name":"(anonymous_2)","decl":{"start":{"line":22,"column":14},"end":{"line":22,"column":17}},"loc":{"start":{"line":22,"column":20},"end":{"line":22,"column":35}}},"1":{"name":"(anonymous_3)","decl":{"start":{"line":22,"column":37},"end":{"line":22,"column":46}},"loc":{"start":{"line":22,"column":50},"end":{"line":22,"column":71}}}},"branchMap":{},"s":{"0":3,"1":3,"2":3,"3":3,"4":3,"5":3,"6":3,"7":3,"8":3,"9":34,"10":34,"11":3,"12":3},"f":{"0":34,"1":34},"b":{}}
,"C:\\Users\\Mauricio\\Documents\\APIs\\Semana_6\\202214_BaseProject\\src\\aeropuerto\\aeropuerto.module.ts": {"path":"C:\\Users\\Mauricio\\Documents\\APIs\\Semana_6\\202214_BaseProject\\src\\aeropuerto\\aeropuerto.module.ts","statementMap":{"0":{"start":{"line":2,"column":0},"end":{"line":2,"column":40}},"1":{"start":{"line":3,"column":0},"end":{"line":3,"column":48}},"2":{"start":{"line":4,"column":0},"end":{"line":4,"column":55}},"3":{"start":{"line":5,"column":0},"end":{"line":5,"column":57}},"4":{"start":{"line":6,"column":0},"end":{"line":6,"column":63}},"5":{"start":{"line":14,"column":0},"end":{"line":14,"column":null}},"6":{"start":{"line":14,"column":13},"end":{"line":14,"column":null}},"7":{"start":{"line":14,"column":13},"end":{"line":14,"column":29}}},"fnMap":{},"branchMap":{},"s":{"0":0,"1":0,"2":0,"3":0,"4":0,"5":0,"6":0,"7":0},"f":{},"b":{}}
,"C:\\Users\\Mauricio\\Documents\\APIs\\Semana_6\\202214_BaseProject\\src\\aeropuerto\\aeropuerto.service.ts": {"path":"C:\\Users\\Mauricio\\Documents\\APIs\\Semana_6\\202214_BaseProject\\src\\aeropuerto\\aeropuerto.service.ts","statementMap":{"0":{"start":{"line":2,"column":0},"end":{"line":2,"column":44}},"1":{"start":{"line":3,"column":0},"end":{"line":3,"column":51}},"2":{"start":{"line":4,"column":0},"end":{"line":4,"column":88}},"3":{"start":{"line":5,"column":0},"end":{"line":5,"column":37}},"4":{"start":{"line":6,"column":0},"end":{"line":6,"column":55}},"5":{"start":{"line":9,"column":0},"end":{"line":68,"column":null}},"6":{"start":{"line":12,"column":21},"end":{"line":12,"column":43}},"7":{"start":{"line":16,"column":4},"end":{"line":18,"column":7}},"8":{"start":{"line":22,"column":41},"end":{"line":22,"column":123}},"9":{"start":{"line":23,"column":4},"end":{"line":24,"column":115}},"10":{"start":{"line":24,"column":6},"end":{"line":24,"column":115}},"11":{"start":{"line":25,"column":4},"end":{"line":25,"column":22}},"12":{"start":{"line":29,"column":24},"end":{"line":29,"column":41}},"13":{"start":{"line":30,"column":4},"end":{"line":31,"column":107}},"14":{"start":{"line":31,"column":6},"end":{"line":31,"column":107}},"15":{"start":{"line":32,"column":4},"end":{"line":32,"column":60}},"16":{"start":{"line":36,"column":24},"end":{"line":36,"column":41}},"17":{"start":{"line":38,"column":6},"end":{"line":40,"column":8}},"18":{"start":{"line":43,"column":4},"end":{"line":44,"column":109}},"19":{"start":{"line":44,"column":8},"end":{"line":44,"column":109}},"20":{"start":{"line":46,"column":4},"end":{"line":50,"column":8}},"21":{"start":{"line":47,"column":6},"end":{"line":50,"column":8}},"22":{"start":{"line":51,"column":4},"end":{"line":54,"column":7}},"23":{"start":{"line":58,"column":41},"end":{"line":60,"column":6}},"24":{"start":{"line":61,"column":4},"end":{"line":65,"column":8}},"25":{"start":{"line":62,"column":6},"end":{"line":65,"column":8}},"26":{"start":{"line":66,"column":4},"end":{"line":66,"column":62}},"27":{"start":{"line":9,"column":13},"end":{"line":68,"column":null}},"28":{"start":{"line":9,"column":13},"end":{"line":9,"column":30}}},"fnMap":{"0":{"name":"(anonymous_4)","decl":{"start":{"line":10,"column":2},"end":{"line":10,"column":null}},"loc":{"start":{"line":12,"column":71},"end":{"line":13,"column":6}}},"1":{"name":"(anonymous_5)","decl":{"start":{"line":15,"column":2},"end":{"line":15,"column":7}},"loc":{"start":{"line":15,"column":15},"end":{"line":19,"column":3}}},"2":{"name":"(anonymous_6)","decl":{"start":{"line":21,"column":2},"end":{"line":21,"column":7}},"loc":{"start":{"line":21,"column":26},"end":{"line":26,"column":3}}},"3":{"name":"(anonymous_7)","decl":{"start":{"line":28,"column":2},"end":{"line":28,"column":7}},"loc":{"start":{"line":28,"column":43},"end":{"line":33,"column":3}}},"4":{"name":"(anonymous_8)","decl":{"start":{"line":35,"column":2},"end":{"line":35,"column":7}},"loc":{"start":{"line":35,"column":55},"end":{"line":55,"column":3}}},"5":{"name":"(anonymous_9)","decl":{"start":{"line":57,"column":2},"end":{"line":57,"column":7}},"loc":{"start":{"line":57,"column":25},"end":{"line":67,"column":3}}}},"branchMap":{"0":{"loc":{"start":{"line":23,"column":4},"end":{"line":24,"column":115}},"type":"if","locations":[{"start":{"line":23,"column":4},"end":{"line":24,"column":115}}]},"1":{"loc":{"start":{"line":30,"column":4},"end":{"line":31,"column":107}},"type":"if","locations":[{"start":{"line":30,"column":4},"end":{"line":31,"column":107}}]},"2":{"loc":{"start":{"line":43,"column":4},"end":{"line":44,"column":109}},"type":"if","locations":[{"start":{"line":43,"column":4},"end":{"line":44,"column":109}}]},"3":{"loc":{"start":{"line":46,"column":4},"end":{"line":50,"column":8}},"type":"if","locations":[{"start":{"line":46,"column":4},"end":{"line":50,"column":8}}]},"4":{"loc":{"start":{"line":61,"column":4},"end":{"line":65,"column":8}},"type":"if","locations":[{"start":{"line":61,"column":4},"end":{"line":65,"column":8}}]}},"s":{"0":1,"1":1,"2":1,"3":1,"4":1,"5":1,"6":8,"7":1,"8":2,"9":2,"10":1,"11":1,"12":1,"13":1,"14":0,"15":1,"16":2,"17":2,"18":2,"19":0,"20":2,"21":1,"22":1,"23":3,"24":3,"25":1,"26":2,"27":1,"28":1},"f":{"0":8,"1":1,"2":2,"3":1,"4":2,"5":3},"b":{"0":[1],"1":[0],"2":[0],"3":[1],"4":[1]}}
,"C:\\Users\\Mauricio\\Documents\\APIs\\Semana_6\\202214_BaseProject\\src\\shared\\errors\\business-errors.ts": {"path":"C:\\Users\\Mauricio\\Documents\\APIs\\Semana_6\\202214_BaseProject\\src\\shared\\errors\\business-errors.ts","statementMap":{"0":{"start":{"line":3,"column":2},"end":{"line":3,"column":25}},"1":{"start":{"line":4,"column":2},"end":{"line":4,"column":19}},"2":{"start":{"line":2,"column":0},"end":{"line":2,"column":16}},"3":{"start":{"line":7,"column":0},"end":{"line":7,"column":null}},"4":{"start":{"line":8,"column":2},"end":{"line":8,"column":null}},"5":{"start":{"line":9,"column":2},"end":{"line":9,"column":null}},"6":{"start":{"line":10,"column":2},"end":{"line":10,"column":null}}},"fnMap":{"0":{"name":"BusinessLogicException","decl":{"start":{"line":2,"column":16},"end":{"line":2,"column":38}},"loc":{"start":{"line":2,"column":68},"end":{"line":5,"column":1}}},"1":{"name":"(anonymous_1)","decl":{"start":{"line":7,"column":0},"end":{"line":7,"column":12}},"loc":{"start":{"line":7,"column":25},"end":{"line":11,"column":1}}}},"branchMap":{"0":{"loc":{"start":{"line":7,"column":12},"end":{"line":7,"column":null}},"type":"binary-expr","locations":[{"start":{"line":7,"column":12},"end":{"line":7,"column":25}},{"start":{"line":7,"column":12},"end":{"line":7,"column":null}}]}},"s":{"0":17,"1":17,"2":3,"3":3,"4":3,"5":3,"6":3},"f":{"0":17,"1":3},"b":{"0":[3,3]}}
,"C:\\Users\\Mauricio\\Documents\\APIs\\Semana_6\\202214_BaseProject\\src\\shared\\interceptors\\business-errors.interceptor.ts": {"path":"C:\\Users\\Mauricio\\Documents\\APIs\\Semana_6\\202214_BaseProject\\src\\shared\\interceptors\\business-errors.interceptor.ts","statementMap":{"0":{"start":{"line":2,"column":0},"end":{"line":2,"column":119}},"1":{"start":{"line":3,"column":0},"end":{"line":3,"column":46}},"2":{"start":{"line":4,"column":0},"end":{"line":4,"column":58}},"3":{"start":{"line":7,"column":0},"end":{"line":21,"column":null}},"4":{"start":{"line":9,"column":5},"end":{"line":19,"column":11}},"5":{"start":{"line":11,"column":9},"end":{"line":18,"column":25}},"6":{"start":{"line":12,"column":13},"end":{"line":12,"column":74}},"7":{"start":{"line":13,"column":14},"end":{"line":18,"column":25}},"8":{"start":{"line":14,"column":13},"end":{"line":14,"column":84}},"9":{"start":{"line":15,"column":14},"end":{"line":18,"column":25}},"10":{"start":{"line":16,"column":13},"end":{"line":16,"column":76}},"11":{"start":{"line":18,"column":13},"end":{"line":18,"column":25}},"12":{"start":{"line":7,"column":13},"end":{"line":21,"column":null}},"13":{"start":{"line":7,"column":13},"end":{"line":7,"column":38}}},"fnMap":{"0":{"name":"(anonymous_1)","decl":{"start":{"line":8,"column":3},"end":{"line":8,"column":12}},"loc":{"start":{"line":8,"column":57},"end":{"line":20,"column":4}}},"1":{"name":"(anonymous_2)","decl":{"start":{"line":10,"column":24},"end":{"line":10,"column":29}},"loc":{"start":{"line":10,"column":32},"end":{"line":19,"column":8}}}},"branchMap":{"0":{"loc":{"start":{"line":11,"column":9},"end":{"line":18,"column":25}},"type":"if","locations":[{"start":{"line":11,"column":9},"end":{"line":18,"column":25}},{"start":{"line":13,"column":14},"end":{"line":18,"column":25}}]},"1":{"loc":{"start":{"line":13,"column":14},"end":{"line":18,"column":25}},"type":"if","locations":[{"start":{"line":13,"column":14},"end":{"line":18,"column":25}},{"start":{"line":15,"column":14},"end":{"line":18,"column":25}}]},"2":{"loc":{"start":{"line":15,"column":14},"end":{"line":18,"column":25}},"type":"if","locations":[{"start":{"line":15,"column":14},"end":{"line":18,"column":25}},{"start":{"line":18,"column":13},"end":{"line":18,"column":25}}]}},"s":{"0":0,"1":0,"2":0,"3":0,"4":0,"5":0,"6":0,"7":0,"8":0,"9":0,"10":0,"11":0,"12":0,"13":0},"f":{"0":0,"1":0},"b":{"0":[0,0],"1":[0,0],"2":[0,0]}}
,"C:\\Users\\Mauricio\\Documents\\APIs\\Semana_6\\202214_BaseProject\\src\\shared\\testing-utils\\typeorm-testing-config.ts": {"path":"C:\\Users\\Mauricio\\Documents\\APIs\\Semana_6\\202214_BaseProject\\src\\shared\\testing-utils\\typeorm-testing-config.ts","statementMap":{"0":{"start":{"line":2,"column":0},"end":{"line":2,"column":48}},"1":{"start":{"line":3,"column":0},"end":{"line":3,"column":67}},"2":{"start":{"line":4,"column":0},"end":{"line":4,"column":70}},"3":{"start":{"line":8,"column":36},"end":{"line":18,"column":2}},"4":{"start":{"line":8,"column":42},"end":{"line":18,"column":2}},"5":{"start":{"line":8,"column":13},"end":{"line":8,"column":36}}},"fnMap":{"0":{"name":"(anonymous_0)","decl":{"start":{"line":8,"column":36},"end":{"line":8,"column":39}},"loc":{"start":{"line":8,"column":42},"end":{"line":18,"column":2}}}},"branchMap":{},"s":{"0":3,"1":3,"2":3,"3":3,"4":34,"5":3},"f":{"0":34},"b":{}}
}
