TN:
SF:src\app.controller.ts
FN:6,(anonymous_2)
FN:9,(anonymous_3)
FNF:2
FNH:2
FNDA:1,(anonymous_2)
FNDA:1,(anonymous_3)
DA:1,1
DA:2,1
DA:5,1
DA:6,1
DA:9,1
DA:10,1
LF:6
LH:6
BRF:0
BRH:0
end_of_record
TN:
SF:src\app.module.ts
FNF:0
FNH:0
DA:2,0
DA:3,0
DA:4,0
DA:5,0
DA:6,0
DA:7,0
DA:8,0
DA:9,0
DA:10,0
DA:37,0
LF:10
LH:0
BRF:0
BRH:0
end_of_record
TN:
SF:src\app.service.ts
FN:5,(anonymous_1)
FNF:1
FNH:1
FNDA:1,(anonymous_1)
DA:1,1
DA:4,1
DA:6,1
LF:3
LH:3
BRF:0
BRH:0
end_of_record
TN:
SF:src\main.ts
FN:5,bootstrap
FNF:1
FNH:0
FNDA:0,bootstrap
DA:1,0
DA:2,0
DA:3,0
DA:6,0
DA:7,0
DA:13,0
DA:15,0
DA:17,0
LF:8
LH:0
BRF:0
BRH:0
end_of_record
TN:
SF:src\aerolinea\aerolinea.controller.ts
FN:12,(anonymous_4)
FN:15,(anonymous_5)
FN:20,(anonymous_6)
FN:25,(anonymous_7)
FN:31,(anonymous_8)
FN:38,(anonymous_9)
FNF:6
FNH:0
FNDA:0,(anonymous_4)
FNDA:0,(anonymous_5)
FNDA:0,(anonymous_6)
FNDA:0,(anonymous_7)
FNDA:0,(anonymous_8)
FNDA:0,(anonymous_9)
DA:2,0
DA:3,0
DA:4,0
DA:5,0
DA:6,0
DA:7,0
DA:11,0
DA:12,0
DA:15,0
DA:16,0
DA:20,0
DA:21,0
DA:25,0
DA:26,0
DA:27,0
DA:31,0
DA:32,0
DA:33,0
DA:38,0
DA:39,0
LF:20
LH:0
BRF:0
BRH:0
end_of_record
TN:
SF:src\aerolinea\aerolinea.dto.ts
FNF:0
FNH:0
DA:2,0
DA:5,0
DA:9,0
DA:13,0
DA:17,0
DA:21,0
LF:6
LH:0
BRF:0
BRH:0
end_of_record
TN:
SF:src\aerolinea\aerolinea.entity.ts
FN:22,(anonymous_2)
FN:22,(anonymous_3)
FNF:2
FNH:2
FNDA:34,(anonymous_2)
FNDA:34,(anonymous_3)
DA:2,3
DA:3,3
DA:6,3
DA:8,3
DA:11,3
DA:14,3
DA:17,3
DA:20,3
DA:22,34
DA:24,3
LF:10
LH:10
BRF:0
BRH:0
end_of_record
TN:
SF:src\aerolinea\aerolinea.module.ts
FNF:0
FNH:0
DA:2,0
DA:3,0
DA:4,0
DA:5,0
DA:6,0
DA:14,0
LF:6
LH:0
BRF:0
BRH:0
end_of_record
TN:
SF:src\aerolinea\aerolinea.service.ts
FN:10,(anonymous_4)
FN:15,(anonymous_5)
FN:20,(anonymous_6)
FN:28,(anonymous_7)
FN:36,(anonymous_8)
FN:52,(anonymous_9)
FNF:6
FNH:6
FNDA:9,(anonymous_4)
FNDA:1,(anonymous_5)
FNDA:2,(anonymous_6)
FNDA:1,(anonymous_7)
FNDA:2,(anonymous_8)
FNDA:3,(anonymous_9)
DA:2,1
DA:3,1
DA:4,1
DA:5,1
DA:6,1
DA:9,1
DA:12,9
DA:16,1
DA:17,1
DA:21,2
DA:22,2
DA:23,1
DA:25,1
DA:29,1
DA:31,1
DA:32,0
DA:33,1
DA:37,2
DA:39,2
DA:40,2
DA:41,1
DA:43,1
DA:44,0
DA:46,1
DA:53,3
DA:54,3
DA:55,1
DA:57,2
LF:28
LH:26
BRDA:22,0,0,1
BRDA:31,1,0,0
BRDA:40,2,0,1
BRDA:43,3,0,0
BRDA:54,4,0,1
BRF:5
BRH:3
end_of_record
TN:
SF:src\aerolinea-aeropuerto\aerolinea-aeropuerto.controller.ts
FN:12,(anonymous_4)
FN:15,(anonymous_5)
FN:20,(anonymous_6)
FN:25,(anonymous_7)
FN:30,(anonymous_8)
FN:37,(anonymous_9)
FNF:6
FNH:0
FNDA:0,(anonymous_4)
FNDA:0,(anonymous_5)
FNDA:0,(anonymous_6)
FNDA:0,(anonymous_7)
FNDA:0,(anonymous_8)
FNDA:0,(anonymous_9)
DA:2,0
DA:3,0
DA:4,0
DA:6,0
DA:7,0
DA:11,0
DA:12,0
DA:15,0
DA:16,0
DA:20,0
DA:21,0
DA:25,0
DA:26,0
DA:30,0
DA:31,0
DA:32,0
DA:37,0
DA:38,0
LF:18
LH:0
BRF:0
BRH:0
end_of_record
TN:
SF:src\aerolinea-aeropuerto\aerolinea-aeropuerto.module.ts
FNF:0
FNH:0
DA:2,0
DA:3,0
DA:4,0
DA:5,0
DA:6,0
DA:7,0
DA:15,0
LF:7
LH:0
BRF:0
BRH:0
end_of_record
TN:
SF:src\aerolinea-aeropuerto\aerolinea-aeropuerto.service.ts
FN:11,(anonymous_4)
FN:19,(anonymous_5)
FN:32,(anonymous_6)
FN:41,(anonymous_7)
FN:49,(anonymous_8)
FN:57,(anonymous_9)
FN:73,(anonymous_10)
FN:82,(anonymous_11)
FN:87,(anonymous_12)
FNF:9
FNH:9
FNDA:17,(anonymous_4)
FNDA:3,(anonymous_5)
FNDA:4,(anonymous_6)
FNDA:9,(anonymous_7)
FNDA:2,(anonymous_8)
FNDA:3,(anonymous_9)
FNDA:4,(anonymous_10)
FNDA:7,(anonymous_11)
FNDA:5,(anonymous_12)
DA:2,1
DA:3,1
DA:4,1
DA:5,1
DA:6,1
DA:7,1
DA:10,1
DA:13,17
DA:16,17
DA:20,3
DA:21,3
DA:22,1
DA:24,2
DA:25,2
DA:26,1
DA:28,1
DA:29,1
DA:33,4
DA:34,4
DA:35,1
DA:37,3
DA:38,3
DA:39,1
DA:41,9
DA:43,2
DA:44,1
DA:46,1
DA:50,2
DA:51,2
DA:52,1
DA:54,1
DA:58,3
DA:60,3
DA:61,1
DA:63,2
DA:64,2
DA:65,2
DA:66,1
DA:69,1
DA:70,1
DA:74,4
DA:75,4
DA:76,1
DA:78,3
DA:79,3
DA:80,1
DA:82,7
DA:84,2
DA:85,1
DA:87,5
DA:88,1
LF:51
LH:51
BRDA:21,0,0,1
BRDA:25,1,0,1
BRDA:34,2,0,1
BRDA:38,3,0,1
BRDA:43,4,0,1
BRDA:51,5,0,1
BRDA:60,6,0,1
BRDA:65,7,0,1
BRDA:75,8,0,1
BRDA:79,9,0,1
BRDA:84,10,0,1
BRF:11
BRH:11
end_of_record
TN:
SF:src\aeropuerto\aeropuerto.controller.ts
FN:12,(anonymous_4)
FN:15,(anonymous_5)
FN:20,(anonymous_6)
FN:25,(anonymous_7)
FN:31,(anonymous_8)
FN:38,(anonymous_9)
FNF:6
FNH:0
FNDA:0,(anonymous_4)
FNDA:0,(anonymous_5)
FNDA:0,(anonymous_6)
FNDA:0,(anonymous_7)
FNDA:0,(anonymous_8)
FNDA:0,(anonymous_9)
DA:2,0
DA:3,0
DA:4,0
DA:5,0
DA:6,0
DA:7,0
DA:11,0
DA:12,0
DA:15,0
DA:16,0
DA:20,0
DA:21,0
DA:25,0
DA:26,0
DA:27,0
DA:31,0
DA:32,0
DA:33,0
DA:38,0
DA:39,0
LF:20
LH:0
BRF:0
BRH:0
end_of_record
TN:
SF:src\aeropuerto\aeropuerto.dto.ts
FNF:0
FNH:0
DA:2,0
DA:4,0
DA:8,0
DA:12,0
DA:16,0
DA:20,0
LF:6
LH:0
BRF:0
BRH:0
end_of_record
TN:
SF:src\aeropuerto\aeropuerto.entity.ts
FN:22,(anonymous_2)
FN:22,(anonymous_3)
FNF:2
FNH:2
FNDA:34,(anonymous_2)
FNDA:34,(anonymous_3)
DA:2,3
DA:3,3
DA:6,3
DA:8,3
DA:11,3
DA:14,3
DA:17,3
DA:20,3
DA:22,34
DA:23,3
LF:10
LH:10
BRF:0
BRH:0
end_of_record
TN:
SF:src\aeropuerto\aeropuerto.module.ts
FNF:0
FNH:0
DA:2,0
DA:3,0
DA:4,0
DA:5,0
DA:6,0
DA:14,0
LF:6
LH:0
BRF:0
BRH:0
end_of_record
TN:
SF:src\aeropuerto\aeropuerto.service.ts
FN:10,(anonymous_4)
FN:15,(anonymous_5)
FN:21,(anonymous_6)
FN:28,(anonymous_7)
FN:35,(anonymous_8)
FN:57,(anonymous_9)
FNF:6
FNH:6
FNDA:8,(anonymous_4)
FNDA:1,(anonymous_5)
FNDA:2,(anonymous_6)
FNDA:1,(anonymous_7)
FNDA:2,(anonymous_8)
FNDA:3,(anonymous_9)
DA:2,1
DA:3,1
DA:4,1
DA:5,1
DA:6,1
DA:9,1
DA:12,8
DA:16,1
DA:22,2
DA:23,2
DA:24,1
DA:25,1
DA:29,1
DA:30,1
DA:31,0
DA:32,1
DA:36,2
DA:38,2
DA:43,2
DA:44,0
DA:46,2
DA:47,1
DA:51,1
DA:58,3
DA:61,3
DA:62,1
DA:66,2
LF:27
LH:25
BRDA:23,0,0,1
BRDA:30,1,0,0
BRDA:43,2,0,0
BRDA:46,3,0,1
BRDA:61,4,0,1
BRF:5
BRH:3
end_of_record
TN:
SF:src\shared\errors\business-errors.ts
FN:2,BusinessLogicException
FN:7,(anonymous_1)
FNF:2
FNH:2
FNDA:17,BusinessLogicException
FNDA:3,(anonymous_1)
DA:2,3
DA:3,17
DA:4,17
DA:7,3
DA:8,3
DA:9,3
DA:10,3
LF:7
LH:7
BRDA:7,0,0,3
BRDA:7,0,1,3
BRF:2
BRH:2
end_of_record
TN:
SF:src\shared\interceptors\business-errors.interceptor.ts
FN:8,(anonymous_1)
FN:10,(anonymous_2)
FNF:2
FNH:0
FNDA:0,(anonymous_1)
FNDA:0,(anonymous_2)
DA:2,0
DA:3,0
DA:4,0
DA:7,0
DA:9,0
DA:11,0
DA:12,0
DA:13,0
DA:14,0
DA:15,0
DA:16,0
DA:18,0
LF:12
LH:0
BRDA:11,0,0,0
BRDA:11,0,1,0
BRDA:13,1,0,0
BRDA:13,1,1,0
BRDA:15,2,0,0
BRDA:15,2,1,0
BRF:6
BRH:0
end_of_record
TN:
SF:src\shared\testing-utils\typeorm-testing-config.ts
FN:8,(anonymous_0)
FNF:1
FNH:1
FNDA:34,(anonymous_0)
DA:2,3
DA:3,3
DA:4,3
DA:8,34
LF:4
LH:4
BRF:0
BRH:0
end_of_record
